# JRE version: OpenJDK Runtime Environment (17.0.6) (build 17.0.6+0-b2043.56-10027231)
# Java VM: OpenJDK 64-Bit Server VM (17.0.6+0-b2043.56-10027231, mixed mode, tiered, compressed oops, compressed class ptrs, g1 gc, windows-amd64)
GC Precious Log:
 CPUs: 8 total, 8 available
 Memory: 12130M
 Large Page Support: Disabled
 NUMA Support: Disabled
 Compressed Oops: Enabled (Zero based)
 Heap Region Size: 2M
 Heap Min Capacity: 8M
 Heap Initial Capacity: 190M
 Heap Max Capacity: 3034M
 Pre-touch: Disabled
 Parallel Workers: 8
 Concurrent Workers: 2
 Concurrent Refinement Workers: 8
 Periodic GC: Disabled
Heap:
 garbage-first heap   total 116736K, used 42210K [0x0000000742600000, 0x0000000800000000)
  region size 2048K, 7 young (14336K), 2 survivors (4096K)
 Metaspace       used 47581K, committed 47872K, reserved 1097728K
  class space    used 5753K, committed 5888K, reserved 1048576K
GC Heap History (20 events):
Event: 0.912 GC heap before
{Heap before GC invocations=1 (full 0):
 garbage-first heap   total 194560K, used 37455K [0x0000000742600000, 0x0000000800000000)
  region size 2048K, 17 young (34816K), 2 survivors (4096K)
 Metaspace       used 20372K, committed 20608K, reserved 1073152K
  class space    used 2226K, committed 2368K, reserved 1048576K
}
Event: 0.917 GC heap after
{Heap after GC invocations=2 (full 0):
 garbage-first heap   total 194560K, used 10240K [0x0000000742600000, 0x0000000800000000)
  region size 2048K, 3 young (6144K), 3 survivors (6144K)
 Metaspace       used 20372K, committed 20608K, reserved 1073152K
  class space    used 2226K, committed 2368K, reserved 1048576K
}
Event: 0.955 GC heap before
{Heap before GC invocations=2 (full 0):
 garbage-first heap   total 194560K, used 12288K [0x0000000742600000, 0x0000000800000000)
  region size 2048K, 5 young (10240K), 3 survivors (6144K)
 Metaspace       used 21326K, committed 21504K, reserved 1073152K
  class space    used 2341K, committed 2432K, reserved 1048576K
}
Event: 0.959 GC heap after
{Heap after GC invocations=3 (full 0):
 garbage-first heap   total 194560K, used 10668K [0x0000000742600000, 0x0000000800000000)
  region size 2048K, 4 young (8192K), 4 survivors (8192K)
 Metaspace       used 21326K, committed 21504K, reserved 1073152K
  class space    used 2341K, committed 2432K, reserved 1048576K
}
Event: 1.283 GC heap before
{Heap before GC invocations=4 (full 0):
 garbage-first heap   total 49152K, used 35244K [0x0000000742600000, 0x0000000800000000)
  region size 2048K, 15 young (30720K), 4 survivors (8192K)
 Metaspace       used 28034K, committed 28288K, reserved 1081344K
  class space    used 3097K, committed 3200K, reserved 1048576K
}
Event: 1.290 GC heap after
{Heap after GC invocations=5 (full 0):
 garbage-first heap   total 49152K, used 16724K [0x0000000742600000, 0x0000000800000000)
  region size 2048K, 5 young (10240K), 5 survivors (10240K)
 Metaspace       used 28034K, committed 28288K, reserved 1081344K
  class space    used 3097K, committed 3200K, reserved 1048576K
}
Event: 1.470 GC heap before
{Heap before GC invocations=5 (full 0):
 garbage-first heap   total 49152K, used 33108K [0x0000000742600000, 0x0000000800000000)
  region size 2048K, 12 young (24576K), 5 survivors (10240K)
 Metaspace       used 31427K, committed 31680K, reserved 1081344K
  class space    used 3826K, committed 3904K, reserved 1048576K
}
Event: 1.480 GC heap after
{Heap after GC invocations=6 (full 0):
 garbage-first heap   total 49152K, used 20367K [0x0000000742600000, 0x0000000800000000)
  region size 2048K, 2 young (4096K), 2 survivors (4096K)
 Metaspace       used 31427K, committed 31680K, reserved 1081344K
  class space    used 3826K, committed 3904K, reserved 1048576K
}
Event: 1.630 GC heap before
{Heap before GC invocations=6 (full 0):
 garbage-first heap   total 49152K, used 38799K [0x0000000742600000, 0x0000000800000000)
  region size 2048K, 10 young (20480K), 2 survivors (4096K)
 Metaspace       used 31855K, committed 32128K, reserved 1081344K
  class space    used 3862K, committed 3968K, reserved 1048576K
}
Event: 1.643 GC heap after
{Heap after GC invocations=7 (full 0):
 garbage-first heap   total 49152K, used 25301K [0x0000000742600000, 0x0000000800000000)
  region size 2048K, 2 young (4096K), 2 survivors (4096K)
 Metaspace       used 31855K, committed 32128K, reserved 1081344K
  class space    used 3862K, committed 3968K, reserved 1048576K
}
Event: 1.851 GC heap before
{Heap before GC invocations=7 (full 0):
 garbage-first heap   total 49152K, used 35541K [0x0000000742600000, 0x0000000800000000)
  region size 2048K, 7 young (14336K), 2 survivors (4096K)
 Metaspace       used 35173K, committed 35392K, reserved 1081344K
  class space    used 4452K, committed 4544K, reserved 1048576K
}
Event: 1.857 GC heap after
{Heap after GC invocations=8 (full 0):
 garbage-first heap   total 69632K, used 26710K [0x0000000742600000, 0x0000000800000000)
  region size 2048K, 1 young (2048K), 1 survivors (2048K)
 Metaspace       used 35173K, committed 35392K, reserved 1081344K
  class space    used 4452K, committed 4544K, reserved 1048576K
}
Event: 2.052 GC heap before
{Heap before GC invocations=9 (full 0):
 garbage-first heap   total 69632K, used 49238K [0x0000000742600000, 0x0000000800000000)
  region size 2048K, 11 young (22528K), 1 survivors (2048K)
 Metaspace       used 37204K, committed 37440K, reserved 1089536K
  class space    used 4691K, committed 4800K, reserved 1048576K
}
Event: 2.057 GC heap after
{Heap after GC invocations=10 (full 0):
 garbage-first heap   total 69632K, used 30720K [0x0000000742600000, 0x0000000800000000)
  region size 2048K, 2 young (4096K), 2 survivors (4096K)
 Metaspace       used 37204K, committed 37440K, reserved 1089536K
  class space    used 4691K, committed 4800K, reserved 1048576K
}
Event: 2.084 GC heap before
{Heap before GC invocations=10 (full 0):
 garbage-first heap   total 69632K, used 32768K [0x0000000742600000, 0x0000000800000000)
  region size 2048K, 3 young (6144K), 2 survivors (4096K)
 Metaspace       used 37562K, committed 37760K, reserved 1089536K
  class space    used 4731K, committed 4800K, reserved 1048576K
}
Event: 2.090 GC heap after
{Heap after GC invocations=11 (full 0):
 garbage-first heap   total 69632K, used 31317K [0x0000000742600000, 0x0000000800000000)
  region size 2048K, 1 young (2048K), 1 survivors (2048K)
 Metaspace       used 37562K, committed 37760K, reserved 1089536K
  class space    used 4731K, committed 4800K, reserved 1048576K
}
Event: 2.285 GC heap before
{Heap before GC invocations=11 (full 0):
 garbage-first heap   total 69632K, used 47701K [0x0000000742600000, 0x0000000800000000)
  region size 2048K, 10 young (20480K), 1 survivors (2048K)
 Metaspace       used 41564K, committed 41856K, reserved 1089536K
  class space    used 5070K, committed 5184K, reserved 1048576K
}
Event: 2.289 GC heap after
{Heap after GC invocations=12 (full 0):
 garbage-first heap   total 69632K, used 32702K [0x0000000742600000, 0x0000000800000000)
  region size 2048K, 2 young (4096K), 2 survivors (4096K)
 Metaspace       used 41564K, committed 41856K, reserved 1089536K
  class space    used 5070K, committed 5184K, reserved 1048576K
}
Event: 2.521 GC heap before
{Heap before GC invocations=12 (full 0):
 garbage-first heap   total 69632K, used 49086K [0x0000000742600000, 0x0000000800000000)
  region size 2048K, 10 young (20480K), 2 survivors (4096K)
 Metaspace       used 45592K, committed 45888K, reserved 1089536K
  class space    used 5500K, committed 5632K, reserved 1048576K
}
Event: 2.525 GC heap after
{Heap after GC invocations=13 (full 0):
 garbage-first heap   total 116736K, used 34018K [0x0000000742600000, 0x0000000800000000)
  region size 2048K, 2 young (4096K), 2 survivors (4096K)
 Metaspace       used 45592K, committed 45888K, reserved 1089536K
  class space    used 5500K, committed 5632K, reserved 1048576K
}

